<?xml version="1.0" encoding="UTF-8"?>
<!-- Generated by org.testng.reporters.JUnitReportReporter -->
<testsuite hostname="hemalatha" failures="0" tests="2" name="simple" time="0.027" errors="0" timestamp="2024-08-12T17:53:23 IST" skipped="0">
  <testcase classname="simple" name="run" time="0.023"/>
  <system-out/>
  <testcase classname="simple" name="sim" time="0.004"/>
  <system-out/>
</testsuite> <!-- simple -->
